[0m[[0m[0mdebug[0m] [0m[0m> Exec(~run, Some(88da1cf1-4acb-44dc-ba3f-b2dbe667d556), Some(CommandSource(console0)))[0m
[0m[[0m[0mdebug[0m] [0m[0m> Exec(__runWatch console0, None, Some(CommandSource(console0)))[0m
[0m[[0m[0mdebug[0m] [0m[0m> Exec(sbtStashOnFailure, None, Some(CommandSource(console0)))[0m
[0m[[0m[0mdebug[0m] [0m[0m> Exec(__preWatch console0, None, Some(CommandSource(console0)))[0m
[0m[[0m[0mdebug[0m] [0m[0m> Exec(run, None, Some(CommandSource(console0)))[0m
[0m[[0m[0mdebug[0m] [0m[0mEvaluating tasks: Compile / run[0m
[0m[[0m[0mdebug[0m] [0m[0mRunning task... Cancel: Signal, check cycles: false, forcegc: true[0m
[0m[[0m[0minfo[0m] [0m[0mcompiling 1 Scala source to /home/ruslan/Documents/projects/apps-js/miscellaneous/DIFFERENT_STUFF/scala-node/hello-world-template/target/scala-2.13/classes ...[0m
[0m[[0m[31merror[0m] [0m[0m/home/ruslan/Documents/projects/apps-js/miscellaneous/DIFFERENT_STUFF/scala-node/hello-world-template/src/main/scala/Main.scala:108:12: object joda is not a member of package org[0m
[0m[[0m[31merror[0m] [0m[0mimport org.joda.time.{Days, LocalDate}[0m
[0m[[0m[31merror[0m] [0m[0m           ^[0m
[0m[[0m[31merror[0m] [0m[0m/home/ruslan/Documents/projects/apps-js/miscellaneous/DIFFERENT_STUFF/scala-node/hello-world-template/src/main/scala/Main.scala:111:31: not found: type LocalDate[0m
[0m[[0m[31merror[0m] [0m[0m  class LocalDateExtension(a: LocalDate) {[0m
[0m[[0m[31merror[0m] [0m[0m                              ^[0m
[0m[[0m[31merror[0m] [0m[0m/home/ruslan/Documents/projects/apps-js/miscellaneous/DIFFERENT_STUFF/scala-node/hello-world-template/src/main/scala/Main.scala:112:20: not found: type LocalDate[0m
[0m[[0m[31merror[0m] [0m[0m    def dayDiff(b: LocalDate): Int = {[0m
[0m[[0m[31merror[0m] [0m[0m                   ^[0m
[0m[[0m[31merror[0m] [0m[0m/home/ruslan/Documents/projects/apps-js/miscellaneous/DIFFERENT_STUFF/scala-node/hello-world-template/src/main/scala/Main.scala:113:7: not found: value Days[0m
[0m[[0m[31merror[0m] [0m[0m      Days.daysBetween(a, b).getDays.abs[0m
[0m[[0m[31merror[0m] [0m[0m      ^[0m
[0m[[0m[31merror[0m] [0m[0m/home/ruslan/Documents/projects/apps-js/miscellaneous/DIFFERENT_STUFF/scala-node/hello-world-template/src/main/scala/Main.scala:116:14: not found: type LocalDate[0m
[0m[[0m[31merror[0m] [0m[0m    def >(b: LocalDate): Boolean = {[0m
[0m[[0m[31merror[0m] [0m[0m             ^[0m
[0m[[0m[31merror[0m] [0m[0m/home/ruslan/Documents/projects/apps-js/miscellaneous/DIFFERENT_STUFF/scala-node/hello-world-template/src/main/scala/Main.scala:120:15: not found: type LocalDate[0m
[0m[[0m[31merror[0m] [0m[0m    def >=(b: LocalDate): Boolean = {[0m
[0m[[0m[31merror[0m] [0m[0m              ^[0m
[0m[[0m[31merror[0m] [0m[0m/home/ruslan/Documents/projects/apps-js/miscellaneous/DIFFERENT_STUFF/scala-node/hello-world-template/src/main/scala/Main.scala:124:14: not found: type LocalDate[0m
[0m[[0m[31merror[0m] [0m[0m    def <(b: LocalDate): Boolean = {[0m
[0m[[0m[31merror[0m] [0m[0m             ^[0m
[0m[[0m[31merror[0m] [0m[0m/home/ruslan/Documents/projects/apps-js/miscellaneous/DIFFERENT_STUFF/scala-node/hello-world-template/src/main/scala/Main.scala:128:15: not found: type LocalDate[0m
[0m[[0m[31merror[0m] [0m[0m    def <=(b: LocalDate): Boolean = {[0m
[0m[[0m[31merror[0m] [0m[0m              ^[0m
[0m[[0m[31merror[0m] [0m[0m/home/ruslan/Documents/projects/apps-js/miscellaneous/DIFFERENT_STUFF/scala-node/hello-world-template/src/main/scala/Main.scala:133:35: not found: type LocalDate[0m
[0m[[0m[31merror[0m] [0m[0m  implicit def extendLocalDate(a: LocalDate) = new LocalDateExtension(a)[0m
[0m[[0m[31merror[0m] [0m[0m                                  ^[0m
[0m[[0m[31merror[0m] [0m[0m/home/ruslan/Documents/projects/apps-js/miscellaneous/DIFFERENT_STUFF/scala-node/hello-world-template/src/main/scala/Main.scala:203:13: not found: value LocalDate[0m
[0m[[0m[31merror[0m] [0m[0m    val a = LocalDate("2010-04-29")[0m
[0m[[0m[31merror[0m] [0m[0m            ^[0m
[0m[[0m[31merror[0m] [0m[0m/home/ruslan/Documents/projects/apps-js/miscellaneous/DIFFERENT_STUFF/scala-node/hello-world-template/src/main/scala/Main.scala:204:13: not found: value LocalDate[0m
[0m[[0m[31merror[0m] [0m[0m    val b = LocalDate("2010-04-29")[0m
[0m[[0m[31merror[0m] [0m[0m            ^[0m
[0m[[0m[31merror[0m] [0m[0m11 errors found[0m
[0m[[0m[31merror[0m] [0m[0m(Compile / [31mcompileIncremental[0m) Compilation failed[0m
[0m[[0m[31merror[0m] [0m[0mTotal time: 3 s, completed Jun 2, 2022, 11:09:49 AM[0m
[0m[[0m[0mdebug[0m] [0m[0m> Exec(resumeFromFailure, None, Some(CommandSource(console0)))[0m
[0m[[0m[0mdebug[0m] [0m[0m> Exec(sbtPopOnFailure, None, Some(CommandSource(console0)))[0m
[0m[[0m[0mdebug[0m] [0m[0m> Exec(__postWatch console0, None, Some(CommandSource(console0)))[0m
[0m[[0m[0mdebug[0m] [0m[0m> Exec(__waitWatch console0, None, Some(CommandSource(console0)))[0m
[0m[[0m[0minfo[0m] [0m[0mshutting down sbt server[0m
