[0m[[0m[0mdebug[0m] [0m[0m> Exec(early(addDefaultCommands), None, None)[0m
[0m[[0m[0mdebug[0m] [0m[0m> Exec(addDefaultCommands, None, None)[0m
[0m[[0m[0mdebug[0m] [0m[0m> Exec(early(initialize), None, None)[0m
[0m[[0m[0mdebug[0m] [0m[0m> Exec(initialize, None, None)[0m
[0m[[0m[0mdebug[0m] [0m[0m> Exec(boot, None, None)[0m
[0m[[0m[0mdebug[0m] [0m[0m> Exec(writeSbtVersion, None, None)[0m
[0m[[0m[0mdebug[0m] [0m[0m> Exec(reload, None, None)[0m
[0m[[0m[0mdebug[0m] [0m[0m> Exec(sbtStashOnFailure, None, None)[0m
[0m[[0m[0mdebug[0m] [0m[0m> Exec(onFailure loadFailed, None, None)[0m
[0m[[0m[0mdebug[0m] [0m[0m> Exec(loadp, None, None)[0m
[0m[[0m[0minfo[0m] [0m[0mwelcome to sbt 1.6.2 (Private Build Java 11.0.15)[0m
[0m[[0m[0mdebug[0m] [0m[0mLoad.defaultLoad until apply took 482.260404ms[0m
[0m[[0m[0mdebug[0m] [0m[0m          Load.loadUnit: plugins took 108.475155ms[0m
[0m[[0m[0mdebug[0m] [0m[0m          Load.loadUnit: defsScala took 0.460506ms[0m
[0m[[0m[0mdebug[0m] [0m[0m[Loading] Scanning directory /home/ruslan/Documents/projects/apps-js/miscellaneous/DIFFERENT_STUFF/scala-node/hello-world-template/project[0m
[0m[[0m[0mdebug[0m] [0m[0m[Loading] Found non-root projects [0m
[0m[[0m[0mdebug[0m] [0m[0m[Loading] Done in /home/ruslan/Documents/projects/apps-js/miscellaneous/DIFFERENT_STUFF/scala-node/hello-world-template/project, returning: ()[0m
[0m[[0m[0mdebug[0m] [0m[0mdeducing auto plugins based on known facts Set(Atom(sbt.plugins.CorePlugin)) and clauses Clauses(Clause(Atom(sbt.plugins.JvmPlugin),Set(Atom(sbt.plugins.IvyPlugin)))[0m
[0m[[0m[0mdebug[0m] [0m[0mClause(Atom(sbt.ScriptedPlugin),Set(Atom(sbt.plugins.JvmPlugin)))[0m
[0m[[0m[0mdebug[0m] [0m[0mClause(Atom(sbt.plugins.SbtPlugin),Set(Atom(sbt.ScriptedPlugin)))[0m
[0m[[0m[0mdebug[0m] [0m[0mClause(Atom(sbt.plugins.SemanticdbPlugin),Set(Atom(sbt.plugins.JvmPlugin)))[0m
[0m[[0m[0mdebug[0m] [0m[0mClause(Atom(sbt.plugins.JUnitXmlReportPlugin),Set(Atom(sbt.plugins.JvmPlugin)))[0m
[0m[[0m[0mdebug[0m] [0m[0mClause(Atom(sbt.plugins.MiniDependencyTreePlugin),Set(Atom(sbt.plugins.JvmPlugin)))[0m
[0m[[0m[0mdebug[0m] [0m[0mClause(Atom(sbt.plugins.CorePlugin),Set(Atom(sbt.plugins.IvyPlugin)))[0m
[0m[[0m[0mdebug[0m] [0m[0mClause(Atom(sbt.plugins.IvyPlugin),Set(Atom(sbt.plugins.JvmPlugin)))[0m
[0m[[0m[0mdebug[0m] [0m[0mClause(Atom(sbt.plugins.JvmPlugin),Set(Atom(sbt.plugins.SemanticdbPlugin)))[0m
[0m[[0m[0mdebug[0m] [0m[0mClause(Atom(sbt.plugins.JvmPlugin),Set(Atom(sbt.plugins.JUnitXmlReportPlugin)))[0m
[0m[[0m[0mdebug[0m] [0m[0mClause(Atom(sbt.plugins.CorePlugin),Set(Atom(sbt.plugins.Giter8TemplatePlugin)))[0m
[0m[[0m[0mdebug[0m] [0m[0mClause(Atom(sbt.plugins.JvmPlugin),Set(Atom(sbt.plugins.MiniDependencyTreePlugin))))[0m
[0m[[0m[0mdebug[0m] [0m[0m  :: deduced result: Matched(sbt.plugins.CorePlugin,sbt.plugins.Giter8TemplatePlugin,sbt.plugins.IvyPlugin,sbt.plugins.JvmPlugin,sbt.plugins.MiniDependencyTreePlugin,sbt.plugins.JUnitXmlReportPlugin,sbt.plugins.SemanticdbPlugin)[0m
[0m[[0m[0mdebug[0m] [0m[0mPlugins.deducer#function took 22.259355 ms[0m
[0m[[0m[0mdebug[0m] [0m[0m              Load.resolveProject(hello-world-template-build) took 70.082745ms[0m
[0m[[0m[0mdebug[0m] [0m[0m            Load.loadTransitive: finalizeProject(Project(id hello-world-template-build, base: /home/ruslan/Documents/projects/apps-js/miscellaneous/DIFFERENT_STUFF/scala-node/hello-world-template/project, plugins: List(<none>))) took 127.038009ms[0m
[0m[[0m[0mdebug[0m] [0m[0m[Loading] Done in /home/ruslan/Documents/projects/apps-js/miscellaneous/DIFFERENT_STUFF/scala-node/hello-world-template/project, returning: (hello-world-template-build)[0m
[0m[[0m[0mdebug[0m] [0m[0m          Load.loadUnit: loadedProjectsRaw took 155.922274ms[0m
[0m[[0m[0mdebug[0m] [0m[0m          Load.loadUnit: cleanEvalClasses took 0.289981ms[0m
[0m[[0m[0mdebug[0m] [0m[0m        Load.loadUnit(file:/home/ruslan/Documents/projects/apps-js/miscellaneous/DIFFERENT_STUFF/scala-node/hello-world-template/project/, ...) took 272.51078ms[0m
[0m[[0m[0mdebug[0m] [0m[0m      Load.apply: load took 644.337119ms[0m
[0m[[0m[0mdebug[0m] [0m[0m      Load.apply: resolveProjects took 9.180598ms[0m
[0m[[0m[0mdebug[0m] [0m[0m      Load.apply: finalTransforms took 84.358365ms[0m
[0m[[0m[0mdebug[0m] [0m[0m      Load.apply: config.delegates took 9.58043ms[0m
[0m[[0m[0mdebug[0m] [0m[0m      Load.apply: Def.make(settings)... took 590.549701ms[0m
[0m[[0m[0mdebug[0m] [0m[0m      Load.apply: structureIndex took 130.319844ms[0m
[0m[[0m[0mdebug[0m] [0m[0m      Load.apply: mkStreams took 1.8088ms[0m
[0m[[0m[0minfo[0m] [0m[0mloading project definition from /home/ruslan/Documents/projects/apps-js/miscellaneous/DIFFERENT_STUFF/scala-node/hello-world-template/project[0m
[0m[[0m[0mdebug[0m] [0m[0mRunning task... Cancel: Signal, check cycles: false, forcegc: true[0m
[0m[[0m[0mdebug[0m] [0m[0m    Load.loadUnit: plugins took 2590.63152ms[0m
[0m[[0m[0mdebug[0m] [0m[0m    Load.loadUnit: defsScala took 0.004776ms[0m
[0m[[0m[0mdebug[0m] [0m[0m[Loading] Scanning directory /home/ruslan/Documents/projects/apps-js/miscellaneous/DIFFERENT_STUFF/scala-node/hello-world-template[0m
[0m[[0m[0mdebug[0m] [0m[0m      Load.loadUnit: mkEval took 9.237824ms[0m
[0m[[0m[0mdebug[0m] [0m[0m[Loading] Found non-root projects [0m
[0m[[0m[0mdebug[0m] [0m[0m[Loading] Done in /home/ruslan/Documents/projects/apps-js/miscellaneous/DIFFERENT_STUFF/scala-node/hello-world-template, returning: ()[0m
[0m[[0m[0mdebug[0m] [0m[0mdeducing auto plugins based on known facts Set(Atom(sbt.plugins.CorePlugin)) and clauses Clauses(Clause(Atom(sbt.plugins.JvmPlugin),Set(Atom(sbt.plugins.IvyPlugin)))[0m
[0m[[0m[0mdebug[0m] [0m[0mClause(Atom(sbt.ScriptedPlugin),Set(Atom(sbt.plugins.JvmPlugin)))[0m
[0m[[0m[0mdebug[0m] [0m[0mClause(Atom(sbt.plugins.SbtPlugin),Set(Atom(sbt.ScriptedPlugin)))[0m
[0m[[0m[0mdebug[0m] [0m[0mClause(Atom(sbt.plugins.SemanticdbPlugin),Set(Atom(sbt.plugins.JvmPlugin)))[0m
[0m[[0m[0mdebug[0m] [0m[0mClause(Atom(sbt.plugins.JUnitXmlReportPlugin),Set(Atom(sbt.plugins.JvmPlugin)))[0m
[0m[[0m[0mdebug[0m] [0m[0mClause(Atom(sbt.plugins.MiniDependencyTreePlugin),Set(Atom(sbt.plugins.JvmPlugin)))[0m
[0m[[0m[0mdebug[0m] [0m[0mClause(Atom(sbt.plugins.CorePlugin),Set(Atom(sbt.plugins.IvyPlugin)))[0m
[0m[[0m[0mdebug[0m] [0m[0mClause(Atom(sbt.plugins.IvyPlugin),Set(Atom(sbt.plugins.JvmPlugin)))[0m
[0m[[0m[0mdebug[0m] [0m[0mClause(Atom(sbt.plugins.JvmPlugin),Set(Atom(sbt.plugins.SemanticdbPlugin)))[0m
[0m[[0m[0mdebug[0m] [0m[0mClause(Atom(sbt.plugins.JvmPlugin),Set(Atom(sbt.plugins.JUnitXmlReportPlugin)))[0m
[0m[[0m[0mdebug[0m] [0m[0mClause(Atom(sbt.plugins.CorePlugin),Set(Atom(sbt.plugins.Giter8TemplatePlugin)))[0m
[0m[[0m[0mdebug[0m] [0m[0mClause(Atom(sbt.plugins.JvmPlugin),Set(Atom(sbt.plugins.MiniDependencyTreePlugin))))[0m
[0m[[0m[0mdebug[0m] [0m[0m  :: deduced result: Matched(sbt.plugins.CorePlugin,sbt.plugins.Giter8TemplatePlugin,sbt.plugins.IvyPlugin,sbt.plugins.JvmPlugin,sbt.plugins.MiniDependencyTreePlugin,sbt.plugins.JUnitXmlReportPlugin,sbt.plugins.SemanticdbPlugin)[0m
[0m[[0m[0mdebug[0m] [0m[0mPlugins.deducer#function took 2.449338 ms[0m
[0m[[0m[0minfo[0m] [0m[0mloading settings for project hello-world-template from build.sbt ...[0m
[0m[[0m[0mdebug[0m] [0m[0m        Load.resolveProject(hello-world-template) took 4.960823ms[0m
[0m[[0m[0mdebug[0m] [0m[0m      Load.loadTransitive: finalizeProject(Project(id hello-world-template, base: /home/ruslan/Documents/projects/apps-js/miscellaneous/DIFFERENT_STUFF/scala-node/hello-world-template, plugins: List(<none>))) took 8.127475ms[0m
[0m[[0m[0mdebug[0m] [0m[0m[Loading] Done in /home/ruslan/Documents/projects/apps-js/miscellaneous/DIFFERENT_STUFF/scala-node/hello-world-template, returning: (hello-world-template)[0m
[0m[[0m[0mdebug[0m] [0m[0m    Load.loadUnit: loadedProjectsRaw took 135.919137ms[0m
[0m[[0m[0mdebug[0m] [0m[0m    Load.loadUnit: cleanEvalClasses took 5.07104ms[0m
[0m[[0m[0mdebug[0m] [0m[0m  Load.loadUnit(file:/home/ruslan/Documents/projects/apps-js/miscellaneous/DIFFERENT_STUFF/scala-node/hello-world-template/, ...) took 2733.252509ms[0m
[0m[[0m[0mdebug[0m] [0m[0mLoad.apply: load took 2755.575001ms[0m
[0m[[0m[0mdebug[0m] [0m[0mLoad.apply: resolveProjects took 0.155907ms[0m
[0m[[0m[0mdebug[0m] [0m[0mLoad.apply: finalTransforms took 19.129461ms[0m
[0m[[0m[0mdebug[0m] [0m[0mLoad.apply: config.delegates took 0.673347ms[0m
[0m[[0m[0mdebug[0m] [0m[0mLoad.apply: Def.make(settings)... took 132.185387ms[0m
[0m[[0m[0mdebug[0m] [0m[0mLoad.apply: structureIndex took 44.576924ms[0m
[0m[[0m[0mdebug[0m] [0m[0mLoad.apply: mkStreams took 0.003054ms[0m
[0m[[0m[0minfo[0m] [0m[0mset current project to hello-world (in build file:/home/ruslan/Documents/projects/apps-js/miscellaneous/DIFFERENT_STUFF/scala-node/hello-world-template/)[0m
[0m[[0m[0mdebug[0m] [0m[0m> Exec(sbtPopOnFailure, None, None)[0m
[0m[[0m[0mdebug[0m] [0m[0m> Exec(resumeFromFailure, None, None)[0m
[0m[[0m[0mdebug[0m] [0m[0m> Exec(notifyUsersAboutShell, None, None)[0m
[0m[[0m[0mdebug[0m] [0m[0m> Exec(iflast shell, None, None)[0m
[0m[[0m[0mdebug[0m] [0m[0m> Exec(shell, None, None)[0m
[0m[[0m[0minfo[0m] [0m[0msbt server started at local:///home/ruslan/.sbt/1.0/server/347310ac2f7beaa1ffa1/sock[0m
[0m[[0m[0mdebug[0m] [0m[0mWriting bsp connection file[0m
[0m[[0m[0minfo[0m] [0m[0mstarted sbt server[0m
